         w __deregister_frame_info
         w _ITM_deregisterTMCloneTable
         w _ITM_registerTMCloneTable
         w __register_frame_info
00000000 00000401 b __fixedpath
00000000 b .LANCHOR1
00000000 a shift
00000000 a shift
00000000 b _TLS_MODULE_BASE_
00000404 b .LANCHOR3
00000404 00000802 b __utf16path
00000c08 b .LANCHOR5
00000c08 00000802 b __utf16path_old.8583
00100000 T _start
00100000 A __start__
00100008 T __service_ptr
0010000c T __apt_appid
00100010 T __heap_size
00100014 T __linear_heap_size
00100018 T __system_arglist
0010001c T __system_runflags
00100020 t startup
00100058 t ClearMem
0010006c t ClrLoop
00100094 T _init
001000ac T initSystem
001000f0 T __ctru_exit
00100110 T __aeabi_uidiv
00100110 000001ec T __udivsi3
00100110 t .udivsi3_skip_div0_test
001002fc 00000020 T __aeabi_uidivmod
0010031c T __aeabi_idiv
0010031c 00000220 T __divsi3
00100324 t .divsi3_skip_div0_test
0010053c 00000020 T __aeabi_idivmod
0010055c 00000004 W __aeabi_idiv0
0010055c 00000004 W __aeabi_ldiv0
00100560 T __aeabi_drsub
00100568 000002b0 T __aeabi_dsub
00100568 000002b0 T __subdf3
0010056c 000002ac T __adddf3
0010056c 000002ac T __aeabi_dadd
00100818 00000024 T __aeabi_ui2d
00100818 00000024 T __floatunsidf
0010083c 00000028 T __aeabi_i2d
0010083c 00000028 T __floatsidf
00100864 00000048 T __aeabi_f2d
00100864 00000048 T __extendsfdf2
001008ac 00000074 T __aeabi_ul2d
001008ac 00000074 T __floatundidf
001008c0 00000060 T __aeabi_l2d
001008c0 00000060 T __floatdidf
00100920 T __aeabi_uldivmod
00100968 00000390 T strcmp
00100cf0 t deregister_tm_clones
00100d1c t register_tm_clones
00100d54 t __do_global_dtors_aux
00100d98 t frame_dummy
00100dcc 000001cc T initSpritesAndFrog
00100f98 0000011c T setTerrainSprites
001010b4 00000088 T changeGameSize
0010113c 000000e0 T drawUI
0010121c 000000f4 T drawGrid
00101310 00000044 T drawPlayer
00101354 00000228 T main
0010157c 00000330 T C2D_Init
001018ac 000000c8 T C2D_Prepare
00101974 0000010c T C2D_SceneSize
00101a80 00000044 T C2D_CreateScreenTarget
00101ac4 0000013c T C2Di_CalcQuad
00101c00 00000030 T C2Di_FlushVtxBuf
00101c30 00000020 t C2Di_FrameEndHook
00101c50 00000018 T C2D_Flush
00101c68 00000030 T C2D_TargetClear
00101c98 00000210 T C2Di_Update
00101ea8 000002ec T C2D_DrawImage
00102194 0000019c T C2D_DrawRectangle
00102330 0000006c T C2D_SpriteSheetLoadFromHandle
0010239c 00000034 T C2D_SpriteSheetLoad
001023d0 00000028 T C2D_SpriteSheetGetImage
001023f8 000000c4 t C3Di_SplitFrame.part.1
001024bc 00000004 W C3Di_LightEnvUpdate
001024c0 00000004 W C3Di_LightEnvDirty
001024c4 000000ac t C3Di_AptEventHook
00102570 00000004 W C3Di_GasUpdate
00102574 0000021c T C3D_Init
00102790 00000098 T C3D_SetViewport
00102828 0000050c T C3Di_UpdateContext
00102d34 00000020 T C3Di_SplitFrame
00102d54 00000114 T C3D_BindProgram
00102e68 00000054 t C3Di_RenderQueueInit
00102ebc 000000ac t onVBlank1
00102f68 0000013c t onVBlank0
001030a4 0000000c t C3Di_RenderTargetNew
001030b0 0000007c t C3Di_WaitAndClearQueue
0010312c 000000c0 t onQueueFinish
001031ec 00000044 t C3D_FrameSplit.part.6
00103230 00000030 T C3D_FrameSync
00103260 00000020 T C3Di_RenderQueueWaitDone
00103280 0000007c T C3D_FrameBegin
001032fc 00000048 T C3D_FrameDrawOn
00103344 00000018 T C3D_FrameSplit
0010335c 00000164 T C3D_FrameEnd
001034c0 0000001c T C3D_FrameEndHook
001034dc 0000017c T C3D_RenderTargetCreate
00103658 0000004c T C3D_RenderTargetSetOutput
001036a4 000000b4 T C3D_SyncTextureCopy
00103758 00000284 T C3D_TexInitWithParams
001039dc 000000dc T C3D_TexLoadImage
00103ab8 00000048 T C3D_TexBind
00103b00 0000007c T C3D_TexDelete
00103b7c 00000174 T C3Di_SetTex
00103cf0 000003e8 t Tex3DSi_ImportCommon
001040d8 00000034 T Tex3DS_TextureImportStdio
0010410c 0000001c T Tex3DS_GetSubTexture
00104128 0000001c T C3D_CalcColorBufSize
00104144 0000001c T C3D_CalcDepthBufSize
00104160 00000044 T C3D_SetFrameBuf
001041a4 00000168 T C3Di_FrameBufBind
0010430c 000000c8 T C3D_FrameBufClear
001043d4 00000048 T C3D_FrameBufTransfer
0010441c 00000034 T C3D_GetTexEnv
00104450 00000024 T C3Di_TexEnvBind
00104474 0000006c T C3D_ProcTexInit
001044e0 00000050 T C3D_ProcTexBind
00104530 00000060 T C3D_ProcTexLutBind
00104590 000000a4 T ProcTexLut_FromArray
00104634 00000174 T C3Di_ProcTexUpdate
001047a8 00000068 T C3Di_ProcTexDirty
00104810 00000024 T BufInfo_Init
00104834 00000084 T BufInfo_Add
001048b8 00000040 T C3D_SetBufInfo
001048f8 00000048 T C3Di_BufInfoBind
00104940 00000148 T C3D_DrawArrays
00104a88 00000040 T C3D_DepthMap
00104ac8 0000001c T C3D_CullFace
00104ae4 00000040 T C3D_StencilTest
00104b24 00000024 T C3D_StencilOp
00104b48 0000001c T C3D_BlendingColor
00104b64 00000024 T C3D_EarlyDepthTest
00104b88 0000002c T C3D_DepthTest
00104bb4 0000002c T C3D_AlphaTest
00104be0 00000050 T C3D_AlphaBlend
00104c30 00000030 T C3D_FragOpMode
00104c60 00000044 T C3D_FragOpShadow
00104ca4 000001ac T C3Di_EffectBind
00104e50 00000028 T AttrInfo_Init
00104e78 000000a0 T AttrInfo_AddLoader
00104f18 00000054 T C3D_SetAttrInfo
00104f6c 00000080 T C3Di_AttrInfoBind
00104fec 000000a4 T C3D_ImmSendAttrib
00105090 000002b8 T C3D_UpdateUniforms
00105348 000000c0 T C3Di_DirtyUniforms
00105408 000000e0 T C3Di_LoadShaderUniforms
001054e8 00000028 T C3Di_ClearShaderUniforms
00105510 000000cc T Mtx_Ortho
001055dc 000000cc T Mtx_OrthoTilt
001056a8 00000024 t addrMapNodeComparator(rbtree_node const*, rbtree_node const*)
001056cc 00000004 t addrMapNodeDestructor(rbtree_node*)
001056d0 00000114 T vramMemAlign
001057e4 00000008 T vramAlloc
001057ec 00000054 T vramFree
00105840 00000024 t addrMapNodeComparator(rbtree_node const*, rbtree_node const*)
00105864 00000004 t addrMapNodeDestructor(rbtree_node*)
00105868 00000124 T linearMemAlign
0010598c 00000008 T linearAlloc
00105994 00000054 T linearFree
001059e8 0000008c T MemPool::CoalesceRight(MemBlock*)
00105a74 00000174 T MemPool::Allocate(MemChunk&, unsigned long, int)
00105be8 000000fc T MemPool::Deallocate(MemChunk const&)
00105ce4 00000008 t romfs_close
00105cec 000000d4 t romfs_seek
00105dc0 00000024 t romfs_dirreset
00105de4 00000078 t romfs_fstat
00105e5c 00000054 t _romfs_read_chk
00105eb0 000000cc t romfs_read
00105f7c 0000007c t romfs_free
00105ff8 0000016c t romfsMountCommon
00106164 00000254 t romfs_dirnext
001063b8 000000bc t romfsInitMtime.isra.0
00106474 000000b4 t searchForFile.constprop.0
00106528 000000b8 t searchForDir.constprop.0
001065e0 000001c4 t navigateToDir.constprop.0
001067a4 0000011c t romfs_open
001068c0 00000204 t romfs_stat
00106ac4 00000054 t romfs_chdir
00106b18 00000078 t romfs_diropen
00106b90 00000008 t romfs_dirclose
00106b98 00000344 T romfsMount
00106edc 00000058 t getSysTime
00106f34 00000028 t __ctru_speedup_config.part.0
00106f5c 0000004c T osConvertVirtToPhys
00106fa8 00000024 T osGetMemRegionUsed
00106fd0 00000128 T __libctru_gtod
001070f8 00000018 T __ctru_speedup_config
00107110 0000008c t gfxSetFramebufferInfo.part.0
0010719c 0000006c t gfxSetFramebufferInfo
00107208 00000058 t gfxGetFramebuffer.part.0
00107260 00000010 T gfxIs3D
00107270 00000018 T __get_bytes_per_pixel
00107288 00000184 T gfxSetScreenFormat
0010740c 00000214 T gfxInit
00107620 00000010 T gfxInitDefault
00107630 000000e0 T gfxExit
00107710 00000064 T gfxGetFramebuffer
00107774 000000f4 T gfxConfigScreen
00107868 00000020 T gfxSwapBuffers
00107888 000001f0 T shaderInstanceInit
00107a78 00000034 T shaderInstanceFree
00107aac 00000018 T shaderInstanceGetUniformLocation
00107ac4 00000018 T shaderProgramInit
00107adc 0000006c T shaderProgramSetVsh
00107b48 000008b4 T shaderProgramConfigure
001083fc 000001f8 t DVLE_GenerateOutmap.part.0
001085f4 000001c8 T DVLB_ParseFile
001087bc 00000078 T DVLE_GetUniformRegister
00108834 00000038 t submitGxCommand
0010886c 00000010 T GX_BindQueue
0010887c 00000050 T GX_ProcessCommandList
001088cc 00000054 T GX_MemoryFill
00108920 00000048 T GX_DisplayTransfer
00108968 0000004c T GX_TextureCopy
001089b4 00000074 t gxCmdQueueDoCommands.part.0
00108a28 000000c8 T gxCmdQueueInterrupt
00108af0 0000004c T gxCmdQueueClear
00108b3c 000000f8 T gxCmdQueueAdd
00108c34 00000080 T gxCmdQueueRun
00108cb4 00000060 T gxCmdQueueStop
00108d14 00000084 T gxCmdQueueWait
00108d98 0000013c T GPUCMD_Add
00108ed4 000000b0 T GPUCMD_Split
00108f84 00000040 T f32tof16
00108fc4 00000040 T f32tof24
00109004 00000044 T f32tof31
00109048 00000074 T gspInit
001090bc 0000003c T gspExit
001090f8 00000034 T gspSetEventCallback
0010912c 000000a4 T gspInitEventHandler
001091d0 00000040 T gspExitEventHandler
00109210 00000050 T gspWaitForEvent
00109260 00000064 T gspWaitForAnyEvent
001092c4 00000178 t gspEventThreadMain
0010943c 00000124 T gspSubmitGxCommand
00109560 0000006c T GSPGPU_SetBufferSwap
001095cc 0000004c T GSPGPU_FlushDataCache
00109618 00000034 T GSPGPU_SetLcdForceBlack
0010964c 00000064 T GSPGPU_RegisterInterruptRelayQueue
001096b0 0000002c T GSPGPU_UnregisterInterruptRelayQueue
001096dc 00000048 T GSPGPU_AcquireRight
00109724 0000002c T GSPGPU_ReleaseRight
00109750 00000080 T GSPGPU_ImportDisplayCaptureInfo
001097d0 0000002c T GSPGPU_SaveVramSysArea
001097fc 0000002c T GSPGPU_RestoreVramSysArea
00109828 00000004 W _aptDebug
0010982c 00000170 T aptSendCommand
0010999c 0000003c t aptExitProcess
001099d8 00000030 T aptHook
00109a08 00000050 T APT_InquireNotification
00109a58 00000194 t aptEventHandler
00109bec 00000074 T APT_AppletUtility
00109c60 000000b0 T aptSetSleepAllowed
00109d10 000000b4 T APT_GlanceParameter
00109dc4 000000c8 T APT_ReceiveParameter
00109e8c 000000bc t aptReceiveParameter.constprop.0
00109f48 000001e0 t aptScreenTransfer
0010a128 00000210 t aptWaitForWakeUp
0010a338 00000070 T APT_CancelParameter
0010a3a8 0000025c T aptInit
0010a604 00000088 t aptClearParamQueue
0010a68c 00000264 T aptMainLoop
0010a8f0 00000254 T aptExit
0010ab44 0000007c T APT_CheckNew3DS
0010abc0 00000028 t hidCheckSectionUpdateTime.part.0
0010abe8 000000d0 T hidExit
0010acb8 000001d8 T hidScanInput
0010ae90 00000010 T hidKeysHeld
0010aea0 00000010 T hidKeysDown
0010aeb0 00000090 T HIDUSER_GetHandles
0010af40 000001a4 T hidInit
0010b0e4 00000074 T ptmSysmInit
0010b158 0000003c T ptmSysmExit
0010b194 00000034 T PTMSYSM_ConfigureNew3DSCPU
0010b1c8 00000028 t fsSessionForArchive.part.0
0010b1f0 000000c4 T fsInit
0010b2b4 0000003c T fsExit
0010b2f0 00000064 T fsExemptFromSession
0010b354 0000005c T fsUnexemptFromSession
0010b3b0 000000bc T FSUSER_OpenFile
0010b46c 000000d4 T FSUSER_OpenFileDirectly
0010b540 000000ac T FSUSER_DeleteFile
0010b5ec 000000e8 T FSUSER_RenameFile
0010b6d4 000000ac T FSUSER_DeleteDirectory
0010b780 000000c4 T FSUSER_CreateFile
0010b844 000000b4 T FSUSER_CreateDirectory
0010b8f8 000000e8 T FSUSER_RenameDirectory
0010b9e0 000000a0 T FSUSER_OpenDirectory
0010ba80 00000098 T FSUSER_OpenArchive
0010bb18 000000a0 T FSUSER_ControlArchive
0010bbb8 00000078 T FSUSER_CloseArchive
0010bc30 00000078 T FSUSER_GetSdmcArchiveResource
0010bca8 00000064 T FSUSER_IsSdmcWritable
0010bd0c 0000005c T FSFILE_Read
0010bd68 00000064 T FSFILE_Write
0010bdcc 00000038 T FSFILE_GetSize
0010be04 00000028 T FSFILE_SetSize
0010be2c 0000003c T FSFILE_Close
0010be68 00000024 T FSFILE_Flush
0010be8c 00000054 T FSDIR_Read
0010bee0 0000003c T FSDIR_Close
0010bf1c 00000120 t iov_memmove
0010c03c 000000cc t buffer_read
0010c108 000000d8 t iov_read
0010c1e0 000001c4 t decompress_rle
0010c3a4 00000268 t decompress_lzss
0010c60c 000002ec t decompress_huff.isra.0.part.0
0010c8f8 00000440 t decompress_lz11
0010cd38 00000010 T decompressCallback_Stdio
0010cd48 000000e8 T decompressHeader
0010ce30 0000023c T decompressV
0010d06c 00000014 T rbtree_init
0010d080 000001a4 t do_insert
0010d224 00000008 T rbtree_insert
0010d22c 00000090 T rbtree_rotate
0010d2bc 00000334 T rbtree_remove
0010d5f0 00000074 T rbtree_find
0010d664 000000e8 T utf16_to_utf8
0010d74c 00000060 T decode_utf16
0010d7ac 000000c0 T utf8_to_utf16
0010d86c 00000038 W __libctru_init
0010d8a4 00000034 t __libctru_nanosleep
0010d8d8 00000030 t __ctru_get_reent
0010d908 000000fc T __system_initSyscalls
0010da04 00000100 W __system_allocateHeaps
0010db04 000000f0 T __system_initArgv
0010dbf4 T svcControlMemory
0010dc14 T svcExitProcess
0010dc1c T svcCreateThread
0010dc3c T svcExitThread
0010dc44 T svcSleepThread
0010dc4c T svcReleaseMutex
0010dc54 T svcCreateEvent
0010dc68 T svcSignalEvent
0010dc70 T svcClearEvent
0010dc78 T svcMapMemoryBlock
0010dc80 T svcUnmapMemoryBlock
0010dc88 T svcCreateAddressArbiter
0010dc9c T svcArbitrateAddress
0010dcb4 T svcCloseHandle
0010dcbc T svcWaitSynchronization
0010dcc4 T svcWaitSynchronizationN
0010dcec T svcDuplicateHandle
0010dd00 T svcGetSystemTick
0010dd08 T svcGetSystemInfo
0010dd20 T svcConnectToPort
0010dd34 T svcSendSyncRequest
0010dd3c T svcBreak
0010dd44 00000024 t addrMapNodeComparator(rbtree_node const*, rbtree_node const*)
0010dd68 00000004 t addrMapNodeDestructor(rbtree_node*)
0010dd6c 000000e8 T mappableAlloc
0010de54 00000054 T mappableFree
0010dea8 00000038 t LightLock_Unlock.part.0
0010dee0 0000000c T __sync_init
0010deec 00000018 T __sync_fini
0010df04 00000010 T __sync_get_arbiter
0010df14 00000018 T LightLock_Init
0010df2c 00000090 T LightLock_Lock
0010dfbc 00000034 T LightLock_TryLock
0010dff0 00000020 T LightLock_Unlock
0010e010 00000024 T RecursiveLock_Init
0010e034 00000030 T RecursiveLock_Lock
0010e064 00000058 T RecursiveLock_TryLock
0010e0bc 00000038 T RecursiveLock_Unlock
0010e0f4 00000038 T LightEvent_Init
0010e12c 0000007c T LightEvent_Clear
0010e1a8 000000dc T LightEvent_Signal
0010e284 000000c0 T LightEvent_Wait
0010e344 00000084 T envGetHandle
0010e3c8 0000004c T envDestroyHandles
0010e414 00000058 T srvExit
0010e46c 00000038 T srvRegisterClient
0010e4a4 000000cc T srvInit
0010e570 00000080 T srvGetServiceHandleDirect
0010e5f0 00000048 T srvGetServiceHandle
0010e638 0000001c t threadFree.part.0
0010e654 00000180 T threadCreate
0010e7d4 00000024 T threadJoin
0010e7f8 00000068 T threadExit
0010e860 00000048 t _thread_begin
0010e8a8 000000ac T irrstScanInput
0010e954 00000024 T irrstKeysHeld
0010e978 00000050 T IRRST_GetHandles
0010e9c8 00000154 T irrstInit
0010eb1c 0000002c T IRRST_Shutdown
0010eb48 000000ac T irrstExit
0010ebf4 0000000c T srvPmGetSessionHandle
0010ec00 00000050 T rbtree_node_next
0010ec50 00000068 T encode_utf16
0010ecb8 00000104 T encode_utf8
0010edbc 00000138 T decode_utf8
0010eef4 0000001c W __appInit
0010ef10 0000001c W __appExit
0010ef2c 000000a0 W __libctru_exit
0010efcc 00000014 t sdmc_link
0010efe0 00000014 t sdmc_dirreset
0010eff4 00000014 t sdmc_chmod
0010f008 00000024 t error_cmp
0010f02c 00000050 t sdmc_translate_error
0010f07c 00000034 t sdmc_fsync
0010f0b0 00000054 t sdmc_ftruncate
0010f104 000000bc t sdmc_statvfs
0010f1c0 00000038 t sdmc_dirclose
0010f1f8 0000013c t sdmc_dirnext
0010f334 00000034 t sdmc_close
0010f368 00000070 t sdmc_fstat
0010f3d8 000000d4 t sdmc_seek
0010f4ac 00000078 t sdmc_read
0010f524 000000ac t sdmc_write
0010f5d0 000001b0 t sdmc_utf16path
0010f780 00000074 t sdmc_rmdir
0010f7f4 000000a4 t sdmc_diropen
0010f898 000000ac t sdmc_chdir
0010f944 00000098 t sdmc_mkdir
0010f9dc 00000108 t sdmc_rename
0010fae4 00000074 t sdmc_unlink
0010fb58 00000108 t sdmc_stat
0010fc60 00000198 t sdmc_open
0010fdf8 00000014 t sdmc_fchmod
0010fe0c 00000168 T sdmcInit
0010ff74 00000060 T sdmcExit
0010ffd4 T __aeabi_read_tp
0010ffe0 00000244 T cosf
00110224 00000024 t with_errnof
00110248 0000001c T __math_invalidf
00110268 0000026c T sinf
001104d4 00000038 T __aeabi_d2lz
001104d4 00000038 T __fixdfdi
00110510 00000040 T __aeabi_d2ulz
00110510 00000040 T __fixunsdfdi
00110550 00000130 T __udivmoddi4
00110680 0000007c T bsearch
001106fc 00000028 T calloc
00110724 00000094 T _calloc_r
001107b8 0000000c T __errno
001107c4 00000034 T exit
001107f8 00000160 T _fclose_r
00110958 00000020 T fclose
00110978 00000278 T __sflush_r
00110bf0 00000094 T _fflush_r
00110c84 00000038 T fflush
00110cbc 00000078 t std
00110d34 0000000c T _cleanup_r
00110d40 00000048 T __sfmoreglue
00110d88 0000008c T __sinit
00110e14 0000010c T __sfp
00110f20 0000000c T __sfp_lock_acquire
00110f2c 0000000c T __sfp_lock_release
00110f38 0000003c T __libc_fini_array
00110f74 00000138 T _fopen_r
001110ac 00000028 T fopen
001110d4 000002e0 T _fread_r
001113b4 00000038 T fread
001113ec 000000f8 T _malloc_trim_r
001114e4 000002e8 T _free_r
001117cc 00000020 T _fseek_r
001117ec 000005ac T _fseeko_r
00111d98 00000068 T _fwalk
00111e00 00000070 T _fwalk_reent
00111e70 0000007c T __libc_init_array
00111eec 00000094 T __swhatbuf_r
00111f80 000000f8 T __smakebuf_r
00112078 00000028 T memalign
001120a0 0000014c T _memalign_r
001121ec 00000020 T malloc
0011220c 00000020 T free
0011222c 000007d0 T _malloc_r
001129fc 000000a0 T memcmp
00112a9c 00000120 T memcpy
00112bbc 00000118 T memset
00112cd4 0000000c T __malloc_lock
00112ce0 0000000c T __malloc_unlock
00112cec 0000001c t lflush
00112d08 000001ac T __srefill_r
00112eb4 0000003c T __sread
00112ef0 00000068 T __swrite
00112f58 00000058 T __sseek
00112fb0 00000008 T __sclose
00112fb8 00000144 T strchr
001130fc 0000005c T strlen
00113158 00000098 T strncat
001131f0 000000ec T strncmp
001132dc 000000c0 T strncpy
0011339c 00000048 T strnlen
001133e4 0000003c T time
00113420 00000118 T __call_exitprocs
00113538 000000c8 T __sflags
00113600 00000008 t null_write
00113608 00000018 T setDefaultDevice
00113620 000000c8 T FindDevice
001136e8 00000028 T RemoveDevice
00113710 0000009c T AddDevice
001137ac 00000078 T _fstat_r
00113824 00000038 T _gettimeofday_r
0011385c 00000008 T _isatty_r
00113864 00000084 T _lseek_r
001138e8 000000c4 T _open_r
001139ac 00000080 T _read_r
00113a2c 00000078 T _sbrk_r
00113aa4 00000080 T _write_r
00113b24 00000024 T _exit
00113b48 000001bc T _concatenate_path
00113d04 0000015c T chdir
00113e60 00000008 T __flockfile
00113e68 00000008 T __funlockfile
00113e70 00000018 T __libc_lock_acquire
00113e88 00000018 T __libc_lock_release
00113ea0 00000018 T __libc_lock_init_recursive
00113eb8 00000018 T __libc_lock_acquire_recursive
00113ed0 00000018 T __libc_lock_release_recursive
00113ee8 00000018 T __libc_lock_close_recursive
00113f00 0000008c T __release_handle
00113f8c 000000b4 T __alloc_handle
00114040 0000003c T __get_handle
0011407c 000000f8 T _close_r
00114174 00000028 T __getreent
0011419c 00000044 T strrchr
001141e0 T _fini
00115000 R render2d_shbin
0011518c R render2d_shbin_end
0011518c R render2d_shbin_size
001151d4 00000038 r CSWTCH.11
0011520c 00000005 r colorFmtSizes
00115214 00000004 r depthFmtSizes
00115218 00000010 r CSWTCH.7
00115254 00000014 r CSWTCH.62
00115268 00000008 r framebufferInfoSt
001152e0 00000030 r error_table
00115310 00000060 R __inv_pio4
00115370 000000e0 R __sincosf_table
00115450 00000004 R _global_impure_ptr
0011545c 00000070 R dotab_stdnull
001154cc 00000101 R _ctype_
001155d0 r 
001155d0 R __exidx_end
001155d0 R __exidx_start
00116000 00000004 d gameSize
00116004 00000004 d capacity
00116008 W __stacksize__
0011600c 00000004 d framerate
00116010 00000008 d framerateCounter
00116018 00000070 d romFS_devoptab
00116088 00000001 d botFormat
0011608c 00000008 d doubleBuf
00116094 00000001 d topFormat
00116098 00000004 d queueLock
0011609c 00000004 d gspLastEvent
001160a0 00000004 d aptFlags
001160a4 00000001 d aptHomeAllowed
001160a8 00000004 V __ctru_linear_heap_size
001160ac 00000401 d __cwd
001164b0 00000070 d sdmc_devoptab
00116520 0000000c d __sfp_recursive_mutex
0011652c 0000000c d __sinit_recursive_mutex
00116538 00000004 D _impure_ptr
00116540 00000460 d impure_data
001169a0 00000408 D __malloc_av_
00116da8 00000004 D __malloc_sbrk_base
00116dac 00000004 D __malloc_trim_threshold
00116db0 0000000c d __malloc_recursive_mutex
00116dbc 0000000c D __atexit_recursive_mutex
00116dc8 00000004 d defaultDevice
00116dcc 0000008c D devoptab_list
00116e58 00000400 d _current_working_directory
00117258 00000004 d __hndl_lock
0011725c 0000000c d __stderr_handle
00117268 0000000c d __stdin_handle
00117274 0000000c d __stdout_handle
00117280 00001000 d handles
00118280 t __frame_dummy_init_array_entry
00118280 T __init_array_start
00118280 B __preinit_array_end
00118280 B __preinit_array_start
00118280 D __tdata_lma
00118280 D __tdata_lma_end
00118280 D __TMC_END__
00118280 d __TMC_LIST__
00118284 t __do_global_dtors_aux_fini_array_entry
00118284 T __fini_array_start
00118284 T __init_array_end
00118288 T __bss_start__
00118288 T __fini_array_end
00118288 00000820 b sprites
00118aa8 00000004 b spriteSheet
00118aac 00000034 b player
00118ae0 00000004 b jumpSize
00118ae4 00000004 b numRows
00118ae8 00000004 b numColumns
00118aec 00000001 b buttonPressed
00118af0 00002580 b terrainSprites
0011b070 b saved_stack
0011b078 b completed.10434
0011b07c b object.10439
0011b094 00000040 b s_projBot
0011b0d4 00000040 b s_projTop
0011b114 00000004 b uLoc_mdlvMtx
0011b118 00000004 b uLoc_projMtx
0011b11c 0000000c b hookCookie
0011b128 00000010 b cpuTime
0011b138 00000004 b firstTarget
0011b13c 00000008 b frameCounter
0011b144 00000004 b frameEndCb
0011b148 00000004 b frameEndCbData
0011b14c 00000001 b frameStage
0011b150 00000010 b gpuTime
0011b160 00000001 b inFrame
0011b161 00000001 b inSafeTransfer
0011b162 00000001 b initialized
0011b164 00000004 b lastTarget
0011b168 0000000c b linkedTarget
0011b174 00000001 b measureGpuTime
0011b178 000000c0 b C3Di_FVUnifEverDirty
0011b238 00000008 b C3Di_IVUnifEverDirty
0011b240 00000018 b C3Di_ShaderFVecData
0011b258 0000000c b sAddrMap
0011b264 00000008 b sVramPool
0011b26c 00000008 b sLinearPool
0011b274 0000000c b sAddrMap
0011b280 00000401 b __component
0011b684 00000004 V __romfs_path
0011b688 00000802 b __utf16path
0011be8c 00000004 b romfs_mount_list
0011be90 00000001 V __ctru_speedup
0011be94 00000002 b currentBuffer
0011be96 00000001 b enable3d
0011be98 00000004 b screenAlloc
0011be9c 00000004 b screenFree
0011bea0 00000004 b boundQueue
0011bea4 00000004 b curQueue
0011bea8 00000001 b isActive
0011bea9 00000001 b isRunning
0011beaa 00000001 b shouldStop
0011beac 00000004 b gspEvent
0011beb0 0000001c b gspEventCb
0011becc 0000001c b gspEventCbData
0011bee8 00000007 b gspEventCbOneShot
0011bef0 0000001c b gspEventCounts
0011bf0c 00000004 b gspEventData
0011bf10 00000004 b gspEventThread
0011bf14 00000038 b gspEvents
0011bf4c 00000004 b gspRefCount
0011bf50 00000001 b gspRunEvents
0011bf51 00000001 b aptChainloadMediatype
0011bf58 00000008 b aptChainloadTid
0011bf60 00000004 b aptEventHandlerThread
0011bf64 0000000c b aptEvents
0011bf70 0000000c b aptFirstHook
0011bf7c 00000001 b aptHomeButtonState
0011bf80 00000004 b aptLockHandle
0011bf84 00000004 b aptMessageFunc
0011bf88 00000004 b aptMessageFuncData
0011bf8c 00001000 b aptParameters
0011cf8c 00000001 b aptRecentHomeButtonState
0011cf90 00000004 b aptRefCount
0011cf94 00000008 b aptSleepEvent
0011cf9c 00000001 b flagInit.8300
0011cf9d 00000001 b flagValue.8301
0011cfa0 00000004 b serviceName.7930
0011cfa4 00000006 b aVec
0011cfac 00000004 b cPos
0011cfb0 00000006 b gRate
0011cfb8 00000004 b hidRefCount
0011cfbc 00000004 b kDown
0011cfc0 00000004 b kHeld
0011cfc4 00000004 b kOld
0011cfc8 00000004 b kUp
0011cfcc 00000004 b tPos
0011cfd0 00000004 b ptmSysmHandle
0011cfd4 00000004 b ptmSysmRefCount
0011cfd8 00000080 b fsExemptArchives
0011d058 00000004 b fsuHandle
0011d05c 00000004 b fsuRefCount
0011d060 00000004 V __ctru_heap_size
0011d064 00000008 b sMappablePool
0011d06c 0000000c b sAddrMap
0011d078 00000004 b arbiter
0011d07c 00000004 b srvHandle
0011d080 00000004 b srvRefCount
0011d084 00000004 b csPos
0011d088 00000004 b irrstRefCount
0011d08c 00000004 b kHeld
0011d090 00000004 b srvPmHandle
0011d098 00000008 b sdmcArchive
0011d0a0 00000001 b sdmcInitialised
0011d0a4 00000028 B __malloc_current_mallinfo
0011d0cc 00000004 B __malloc_max_sbrked_mem
0011d0d0 00000004 B __malloc_max_total_mem
0011d0d4 00000004 B __malloc_top_pad
0011d0d8 00000004 b heap_start.7420
0011d0dc 00000004 B fake_heap_end
0011d0e0 00000004 B fake_heap_start
0011d0e4 00000400 b temp_cwd
0011d4e4 00000048 B __syscalls
0011d530 000005a0 B __C2Di_Context
0011dad0 000002d0 B __C3D_Context
0011dda0 00000020 B C3D_IVUnif
0011ddc0 000000c0 B C3D_FVUnifDirty
0011de80 00000002 B C3D_BoolUnifsDirty
0011de84 00000008 B C3D_IVUnifDirty
0011de8c 00000004 B C3D_BoolUnifs
0011de90 00000c00 B C3D_FVUnif
0011ea90 00000008 B gfxBottomFramebuffers
0011ea98 00000004 B gspSharedMemHandle
0011ea9c 0000001c B bottomFramebufferInfo
0011eab8 00000004 B gspEvent
0011eabc 00000008 B gfxTopLeftFramebuffers
0011eac4 00000008 B gfxTopRightFramebuffers
0011eacc 0000001c B topFramebufferInfo
0011eae8 00000001 B gfxThreadID
0011eaec 00000004 B gfxSharedMemory
0011eaf0 00000004 B gfxTopFramebufferMaxSize
0011eaf4 00000004 B gfxBottomFramebufferMaxSize
0011eaf8 00000004 B gxCmdBuf
0011eafc 00000004 B gpuCmdBuf
0011eb00 00000004 B gpuCmdBufOffset
0011eb04 00000004 B gpuCmdBufSize
0011eb08 00000004 B gspGpuHandle
0011eb0c 00000004 B hidMemHandle
0011eb10 00000004 B hidHandle
0011eb14 00000004 B hidSharedMem
0011eb18 00000014 B hidEvents
0011eb2c 00000004 B __system_retAddr
0011eb30 00000004 B __ctru_linear_heap
0011eb34 00000004 B __ctru_heap
0011eb38 00000004 B __system_argv
0011eb3c 00000004 B __system_argc
0011eb40 00000004 B irrstHandle
0011eb44 00000004 B irrstEvent
0011eb48 00000004 B irrstMemHandle
0011eb4c 00000004 B irrstSharedMem
0011eb50 B __tls_start
0011ff5c B __bss_end__
0011ff5c A __end__
0011ff5c B __tls_end
